
   INFO  Server running on [http://0.0.0.0:8000].  

  Press Ctrl+C to stop the server

  2023-05-19 20:47:28 ................................................... ~ 1s
  2023-05-19 20:47:28 /build/assets/app-1628c2e3.css .................... ~ 1s
  2023-05-19 20:47:29 /build/assets/Welcome-86576140.js ................. ~ 0s
  2023-05-19 20:47:29 /build/assets/app-91f746dc.js ..................... ~ 1s
  2023-05-19 20:47:30 /build/assets/index-8e2e703a.js ................... ~ 0s
  2023-05-19 20:47:31 /build/assets/laravel-1-logo-png-transparent-e44443ae.png  ~ 0s
  2023-05-19 20:47:52 ................................................... ~ 1s
  2023-05-19 20:47:53 /build/assets/Welcome-86576140.js ................. ~ 0s
  2023-05-19 20:47:53 /build/assets/app-91f746dc.js ..................... ~ 0s
  2023-05-19 20:47:53 /build/assets/index-8e2e703a.js ................... ~ 0s
  2023-05-19 20:47:53 /build/assets/laravel-1-logo-png-transparent-e44443ae.png  ~ 1s
   WARN  43.128.73.10:54053 Invalid request (Malformed HTTP request).  

  2023-05-19 21:42:38 ................................................... ~ 0s
   WARN  192.241.223.18:51734 Invalid request (Unsupported SSL request).  

  2023-05-19 23:35:24 ................................................... ~ 0s
   WARN  162.243.146.24:39372 Invalid request (Unexpected EOF).  

  2023-05-20 00:01:45 .................................................. ~ 10s
  2023-05-20 00:24:51 ................................................... ~ 0s
  2023-05-20 00:25:09 /favicon.ico ...................................... ~ 0s
  2023-05-20 00:25:12 ................................................... ~ 0s
   WARN  64.62.197.220:47325 [404]: CONNECT www.shadowserver.org:443.  

  2023-05-20 00:25:15 ................................................... ~ 1s
  2023-05-20 01:06:21 ................................................... ~ 1s
   WARN  167.94.138.36:33462 Invalid request (Malformed HTTP request).  

  2023-05-20 01:06:32 ................................................... ~ 0s
  2023-05-20 01:06:32 /favicon.ico ...................................... ~ 0s
  2023-05-20 02:05:50 ................................................... ~ 0s
   WARN  162.216.150.92:58190 Invalid request (Unsupported SSL request).  

  2023-05-20 02:06:35 ................................................... ~ 0s
   WARN  167.94.138.126:57168 Invalid request (Connection reset by peer).  

  2023-05-20 02:52:00 ................................................... ~ 1s
  2023-05-20 02:52:01 ................................................... ~ 1s
  2023-05-20 02:52:02 ................................................... ~ 0s
   WARN  167.94.138.126:56824 Invalid request (Malformed HTTP request).  

  2023-05-20 02:52:02 ................................................... ~ 0s
  2023-05-20 02:52:02 /favicon.ico ...................................... ~ 0s
   WARN  162.216.149.15:58932 Invalid request (Unsupported SSL request).  

  2023-05-20 07:16:31 ................................................... ~ 0s
   WARN  45.79.181.179:8814 Invalid request (Unsupported SSL request).  

  2023-05-20 07:43:16 ................................................... ~ 0s
   WARN  87.251.67.244:36798 Invalid request (Unsupported SSL request).  

  2023-05-20 07:48:13 ................................................... ~ 0s
   WARN  8.219.184.110:41724 Invalid request (Malformed HTTP request).  

  2023-05-20 09:10:36 ................................................... ~ 2s
  2023-05-20 09:10:39 ................................................... ~ 5s
  2023-05-20 09:42:45 ................................................... ~ 0s
  2023-05-20 14:50:29 ................................................... ~ 1s
  2023-05-20 14:50:30 ................................................... ~ 0s
   WARN  162.142.125.12:44936 Invalid request (Malformed HTTP request).  

  2023-05-20 14:50:30 ................................................... ~ 0s
   WARN  43.128.73.10:57949 Invalid request (Malformed HTTP request).  

  2023-05-20 15:38:26 ................................................... ~ 0s
  2023-05-20 19:28:07 ................................................... ~ 1s
   WARN  138.197.130.76:38820 Invalid request (Unsupported SSL request).  

  2023-05-20 20:17:06 ................................................... ~ 0s
   WARN  138.197.130.76:38826 Invalid request (Unsupported SSL request).  

  2023-05-20 20:17:06 ................................................... ~ 0s
  2023-05-20 20:17:06 ................................................... ~ 0s
   WARN  138.197.130.76:38854 Invalid request (Unsupported SSL request).  

  2023-05-20 20:17:06 ................................................... ~ 0s
  2023-05-20 20:17:06 ................................................... ~ 0s
  2023-05-20 20:34:43 ................................................... ~ 0s
  2023-05-20 20:41:55 ................................................... ~ 0s
  2023-05-20 20:41:56 ................................................... ~ 0s
  2023-05-20 20:41:56 ................................................... ~ 0s
  2023-05-20 20:41:56 /build/assets/Login-3f575269.js ................... ~ 0s
  2023-05-20 20:41:56 /build/assets/GuestLayout-cedb8b6f.js ............. ~ 0s
  2023-05-20 20:41:56 /build/assets/TextInput-6bd5d414.js ............... ~ 0s
  2023-05-20 20:41:56 /build/assets/app-1628c2e3.css .................... ~ 0s
  2023-05-20 20:41:56 /build/assets/InputLabel-7a7d3283.js .............. ~ 0s
  2023-05-20 20:41:56 /build/assets/PrimaryButton-1e91df86.js ........... ~ 0s
  2023-05-20 20:41:56 /build/assets/ApplicationLogo-f537cfd1.js ......... ~ 0s
  2023-05-20 20:41:56 /build/assets/app-91f746dc.js ..................... ~ 0s
  2023-05-20 20:41:57 /favicon.ico ...................................... ~ 0s
  2023-05-20 20:42:12 ................................................... ~ 0s
  2023-05-20 20:42:12 ................................................... ~ 0s
  2023-05-20 20:42:12 /build/assets/Index-1882dceb.js ................... ~ 0s
  2023-05-20 20:42:12 /build/assets/AuthenticatedLayout-df24eef7.js ..... ~ 0s
  2023-05-20 20:42:12 /build/assets/transition-37ce7409.js .............. ~ 0s
  2023-05-20 20:42:12 /build/assets/OnePost-06c95956.js ................. ~ 0s
  2023-05-20 20:42:12 /build/assets/SecondSecondaryButton-0ade7231.js ... ~ 0s
  2023-05-20 20:42:12 /build/assets/index-8e2e703a.js ................... ~ 1s
  2023-05-20 20:42:13 /favicon.ico ...................................... ~ 0s
  2023-05-20 20:42:13 /storage/Uploads/VGYikddxxAnkRcvlrm4e0dUnHkNk2R5A6j6HVIFa.webp  ~ 0s
  2023-05-20 20:42:13 /storage/Uploads/v4U7T2rCO3lLjoUwrLNvkWhWR8oMuP0okXDvZ9dj.jpg  ~ 0s
  2023-05-20 20:42:13 /storage/profile/Dt3hIEy1QNFYh2FiEdD3sBpT2W008sHNTF8dRxwo.png  ~ 0s
  2023-05-20 20:42:13 /storage/Uploads/5ZWJUdCV4LcSXYEutee2d4vn376GMbeUHggdxNXe.png  ~ 0s
  2023-05-20 20:42:13 /storage/Uploads/GQuyrd5ldPLapag8i3w8aK8PVVyaxBuzKrchhjyh.png  ~ 0s
  2023-05-20 20:42:30 ................................................... ~ 0s
  2023-05-20 20:42:32 ................................................... ~ 0s
  2023-05-20 20:42:33 /build/assets/Search-79cc261f.js .................. ~ 0s
  2023-05-20 20:42:33 /favicon.ico ...................................... ~ 0s
  2023-05-20 20:42:36 ................................................... ~ 0s
  2023-05-20 20:42:36 /favicon.ico ...................................... ~ 0s
  2023-05-20 20:42:48 ................................................... ~ 0s
  2023-05-20 20:42:48 /build/assets/Index-892e5bd6.js ................... ~ 0s
  2023-05-20 20:42:48 /favicon.ico ...................................... ~ 0s
  2023-05-20 20:42:48 /storage/profile/default.png ...................... ~ 1s
  2023-05-20 20:42:52 ................................................... ~ 1s
  2023-05-20 20:42:53 /favicon.ico ...................................... ~ 0s
  2023-05-20 20:42:55 ................................................... ~ 0s
  2023-05-20 20:42:55 /favicon.ico ...................................... ~ 0s
  2023-05-20 20:42:55 /storage/Uploads/VGYikddxxAnkRcvlrm4e0dUnHkNk2R5A6j6HVIFa.webp  ~ 0s
  2023-05-20 20:42:55 /storage/Uploads/v4U7T2rCO3lLjoUwrLNvkWhWR8oMuP0okXDvZ9dj.jpg  ~ 0s
  2023-05-20 20:42:55 /storage/profile/Dt3hIEy1QNFYh2FiEdD3sBpT2W008sHNTF8dRxwo.png  ~ 0s
  2023-05-20 20:42:55 /storage/Uploads/GQuyrd5ldPLapag8i3w8aK8PVVyaxBuzKrchhjyh.png  ~ 0s
  2023-05-20 20:42:55 /storage/Uploads/5ZWJUdCV4LcSXYEutee2d4vn376GMbeUHggdxNXe.png  ~ 1s
  2023-05-20 20:43:01 ................................................... ~ 0s
  2023-05-20 20:43:02 /favicon.ico ...................................... ~ 0s
  2023-05-20 20:43:05 ................................................... ~ 0s
  2023-05-20 20:43:05 /build/assets/Show-a490107c.js .................... ~ 0s
  2023-05-20 20:43:05 /favicon.ico ...................................... ~ 0s
  2023-05-20 20:43:10 /favicon.ico ...................................... ~ 0s
  2023-05-20 20:43:16 ................................................... ~ 0s
  2023-05-20 20:43:16 /favicon.ico ...................................... ~ 0s
  2023-05-20 20:43:18 ................................................... ~ 0s
  2023-05-20 20:43:18 /favicon.ico ...................................... ~ 0s
  2023-05-20 20:43:18 /storage/profile/default.png ...................... ~ 0s
  2023-05-20 20:43:22 ................................................... ~ 0s
  2023-05-20 20:43:22 /build/assets/Welcome-86576140.js ................. ~ 0s
  2023-05-20 20:43:23 /favicon.ico ...................................... ~ 0s
  2023-05-20 20:43:23 /build/assets/laravel-1-logo-png-transparent-e44443ae.png  ~ 0s
  2023-05-20 20:51:08 ................................................... ~ 0s
  2023-05-20 20:51:09 /favicon.ico ...................................... ~ 0s
  2023-05-21 01:35:28 ................................................... ~ 3s
   WARN  162.216.149.203:65196 Invalid request (Unsupported SSL request).  

  2023-05-21 03:58:39 ................................................... ~ 0s
  2023-05-21 05:41:31 ................................................... ~ 0s
  2023-05-21 05:41:31 ................................................... ~ 0s
  2023-05-21 05:41:31 ................................................... ~ 0s
  2023-05-21 05:41:31 ................................................... ~ 0s
  2023-05-21 05:41:31 ................................................... ~ 0s
  2023-05-21 05:41:31 ................................................... ~ 0s
  2023-05-21 05:41:31 ................................................... ~ 0s
  2023-05-21 05:41:31 ................................................... ~ 0s
  2023-05-21 05:41:31 ................................................... ~ 1s
  2023-05-21 05:41:31 ................................................... ~ 1s
  2023-05-21 05:41:32 ................................................... ~ 0s
  2023-05-21 05:41:32 ................................................... ~ 0s
  2023-05-21 05:41:32 ................................................... ~ 0s
  2023-05-21 05:41:32 ................................................... ~ 0s
  2023-05-21 05:41:32 ................................................... ~ 0s
  2023-05-21 05:41:32 ................................................... ~ 0s
  2023-05-21 05:41:32 ................................................... ~ 0s
  2023-05-21 05:41:32 ................................................... ~ 1s
  2023-05-21 05:41:32 ................................................... ~ 1s
  2023-05-21 05:41:33 ................................................... ~ 0s
  2023-05-21 05:41:33 ................................................... ~ 0s
  2023-05-21 05:41:33 ................................................... ~ 0s
  2023-05-21 05:41:33 ................................................... ~ 0s
  2023-05-21 05:41:33 ................................................... ~ 0s
  2023-05-21 05:41:33 ................................................... ~ 0s
  2023-05-21 05:41:33 ................................................... ~ 0s
  2023-05-21 05:41:33 ................................................... ~ 1s
  2023-05-21 05:41:33 ................................................... ~ 1s
  2023-05-21 05:41:34 ................................................... ~ 0s
  2023-05-21 05:41:34 ................................................... ~ 0s
  2023-05-21 05:41:34 ................................................... ~ 0s
  2023-05-21 05:41:34 ................................................... ~ 0s
  2023-05-21 05:41:34 ................................................... ~ 0s
  2023-05-21 05:41:34 ................................................... ~ 0s
  2023-05-21 05:41:34 ................................................... ~ 0s
  2023-05-21 05:41:34 ................................................... ~ 1s
  2023-05-21 05:41:34 ................................................... ~ 1s
  2023-05-21 05:41:35 ................................................... ~ 0s
  2023-05-21 05:41:35 ................................................... ~ 0s
  2023-05-21 05:41:35 ................................................... ~ 0s
  2023-05-21 05:41:35 ................................................... ~ 0s
  2023-05-21 05:41:35 ................................................... ~ 0s
  2023-05-21 05:41:35 ................................................... ~ 0s
  2023-05-21 05:41:35 ................................................... ~ 0s
  2023-05-21 05:41:35 ................................................... ~ 1s
  2023-05-21 05:41:35 ................................................... ~ 1s
   WARN  107.170.245.9:38364 Invalid request (Unsupported SSL request).  

  2023-05-21 06:02:54 ................................................... ~ 0s
   WARN  107.170.246.16:37072 Invalid request (Unexpected EOF).  

  2023-05-21 07:10:40 .................................................. ~ 10s
  2023-05-21 07:55:04 ................................................... ~ 0s
  2023-05-21 07:55:20 /favicon.ico ...................................... ~ 0s
  2023-05-21 07:55:24 ................................................... ~ 0s
   WARN  64.62.197.89:5733 [404]: CONNECT www.shadowserver.org:443.  

  2023-05-21 07:55:27 ................................................... ~ 0s
   WARN  39.188.204.245:6478 Invalid request (Malformed HTTP request).  

  2023-05-21 09:30:19 ................................................... ~ 0s
   WARN  43.128.73.10:57729 Invalid request (Malformed HTTP request).  

  2023-05-21 14:10:47 ................................................... ~ 0s
  2023-05-21 16:28:20 ................................................... ~ 0s
  2023-05-21 16:55:47 ................................................... ~ 0s
   WARN  104.152.52.108:57811 Invalid request (Connection reset by peer).  

  2023-05-21 19:37:07 .................................................. ~ 31s
  2023-05-21 19:41:58 ................................................... ~ 5s
  2023-05-21 19:42:06 ................................................... ~ 7s
  2023-05-21 19:42:16 ................................................... ~ 0s
   WARN  152.32.186.106:37844 Invalid request (Unsupported SSL request).  

  2023-05-21 19:42:18 ................................................... ~ 0s
   WARN  152.32.186.106:39188 Invalid request (Unsupported SSL request).  

  2023-05-21 19:42:19 ................................................... ~ 0s
   WARN  152.32.186.106:39968 Invalid request (Unsupported SSL request).  

  2023-05-21 19:42:21 ................................................... ~ 0s
  2023-05-21 19:45:15 ................................................... ~ 0s
  2023-05-21 19:45:16 /favicon.ico ...................................... ~ 0s
  2023-05-21 19:45:16 /build/assets/Welcome-86576140.js ................. ~ 0s
  2023-05-21 19:45:16 /build/assets/app-91f746dc.js ..................... ~ 1s
  2023-05-21 19:45:18 ................................................... ~ 0s
  2023-05-21 19:45:18 /robots.txt ....................................... ~ 0s
  2023-05-21 19:45:19 ................................................... ~ 0s
  2023-05-21 19:45:19 ................................................... ~ 0s
  2023-05-21 19:45:20 ................................................... ~ 0s
  2023-05-21 19:45:21 ................................................... ~ 0s
  2023-05-21 19:45:21 ................................................... ~ 0s
   WARN  35.203.210.125:63026 Invalid request (Unsupported SSL request).  

  2023-05-21 20:08:20 ................................................... ~ 0s
  2023-05-21 21:35:40 ................................................... ~ 0s
  2023-05-21 21:35:40 /build/assets/Welcome-86576140.js ................. ~ 0s
  2023-05-21 21:35:40 /build/assets/app-1628c2e3.css .................... ~ 0s
  2023-05-21 21:35:40 /build/assets/app-91f746dc.js ..................... ~ 0s
  2023-05-21 21:35:40 /build/assets/index-8e2e703a.js ................... ~ 0s
  2023-05-21 21:35:41 /build/assets/laravel-1-logo-png-transparent-e44443ae.png  ~ 0s
  2023-05-21 21:35:41 /favicon.ico ...................................... ~ 0s
  2023-05-21 21:35:43 ................................................... ~ 0s
  2023-05-21 21:35:43 /build/assets/Login-3f575269.js ................... ~ 0s
  2023-05-21 21:35:43 /build/assets/GuestLayout-cedb8b6f.js ............. ~ 0s
  2023-05-21 21:35:43 /build/assets/ApplicationLogo-f537cfd1.js ......... ~ 0s
  2023-05-21 21:35:43 /build/assets/TextInput-6bd5d414.js ............... ~ 0s
  2023-05-21 21:35:43 /build/assets/PrimaryButton-1e91df86.js ........... ~ 0s
  2023-05-21 21:35:43 /build/assets/InputLabel-7a7d3283.js .............. ~ 0s
  2023-05-21 21:35:43 /favicon.ico ...................................... ~ 0s
  2023-05-21 21:35:46 /favicon.ico ...................................... ~ 0s
